
*** Running vivado
    with args -log toplevel.vds -m64 -product Vivado -mode batch -messageDb vivado.pb -notrace -source toplevel.tcl


****** Vivado v2018.3 (64-bit)
  **** SW Build 2405991 on Thu Dec  6 23:38:27 MST 2018
  **** IP Build 2404404 on Fri Dec  7 01:43:56 MST 2018
    ** Copyright 1986-2018 Xilinx, Inc. All Rights Reserved.

source toplevel.tcl -notrace
Command: synth_design -top toplevel -part xc7a35tcpg236-1
Starting synth_design
Attempting to get a license for feature 'Synthesis' and/or device 'xc7a35t'
INFO: [Common 17-349] Got license for feature 'Synthesis' and/or device 'xc7a35t'
INFO: Launching helper process for spawning children vivado processes
INFO: Helper process launched with PID 3548 
---------------------------------------------------------------------------------
Starting RTL Elaboration : Time (s): cpu = 00:00:03 ; elapsed = 00:00:04 . Memory (MB): peak = 362.961 ; gain = 99.973
---------------------------------------------------------------------------------
INFO: [Synth 8-638] synthesizing module 'toplevel' [D:/Documents/fac/M1/_semestre2/projet conception/jalon1_v1.9/jalon1_v1.9.srcs/sources_1/imports/new/top_level.vhd:15]
	Parameter k bound to: 4 - type: integer 
	Parameter n bound to: 7 - type: integer 
	Parameter fb bound to: 3 - type: integer 
	Parameter g_CLKS_PER_BIT bound to: 10416 - type: integer 
INFO: [Synth 8-3491] module 'UART_RX' declared at 'D:/Documents/fac/M1/_semestre2/projet conception/jalon1_v1.9/jalon1_v1.9.srcs/sources_1/imports/new/RX.vhd:18' bound to instance 'reception' of component 'UART_RX' [D:/Documents/fac/M1/_semestre2/projet conception/jalon1_v1.9/jalon1_v1.9.srcs/sources_1/imports/new/top_level.vhd:80]
INFO: [Synth 8-638] synthesizing module 'UART_RX' [D:/Documents/fac/M1/_semestre2/projet conception/jalon1_v1.9/jalon1_v1.9.srcs/sources_1/imports/new/RX.vhd:31]
	Parameter g_CLKS_PER_BIT bound to: 10416 - type: integer 
INFO: [Synth 8-256] done synthesizing module 'UART_RX' (1#1) [D:/Documents/fac/M1/_semestre2/projet conception/jalon1_v1.9/jalon1_v1.9.srcs/sources_1/imports/new/RX.vhd:31]
INFO: [Synth 8-3491] module 'controle' declared at 'D:/Documents/fac/M1/_semestre2/projet conception/jalon1_v1.9/jalon1_v1.9.srcs/sources_1/imports/new/controle.vhd:4' bound to instance 'Lcontrole' of component 'controle' [D:/Documents/fac/M1/_semestre2/projet conception/jalon1_v1.9/jalon1_v1.9.srcs/sources_1/imports/new/top_level.vhd:81]
INFO: [Synth 8-638] synthesizing module 'controle' [D:/Documents/fac/M1/_semestre2/projet conception/jalon1_v1.9/jalon1_v1.9.srcs/sources_1/imports/new/controle.vhd:13]
INFO: [Synth 8-256] done synthesizing module 'controle' (2#1) [D:/Documents/fac/M1/_semestre2/projet conception/jalon1_v1.9/jalon1_v1.9.srcs/sources_1/imports/new/controle.vhd:13]
	Parameter k bound to: 4 - type: integer 
	Parameter n bound to: 7 - type: integer 
	Parameter fb bound to: 3 - type: integer 
INFO: [Synth 8-3491] module 'fbits' declared at 'D:/Documents/fac/M1/_semestre2/projet conception/jalon1_v1.9/jalon1_v1.9.srcs/sources_1/imports/new/fbits.vhd:5' bound to instance 'Lfbits' of component 'fbits' [D:/Documents/fac/M1/_semestre2/projet conception/jalon1_v1.9/jalon1_v1.9.srcs/sources_1/imports/new/top_level.vhd:82]
INFO: [Synth 8-638] synthesizing module 'fbits' [D:/Documents/fac/M1/_semestre2/projet conception/jalon1_v1.9/jalon1_v1.9.srcs/sources_1/imports/new/fbits.vhd:15]
	Parameter k bound to: 4 - type: integer 
	Parameter n bound to: 7 - type: integer 
	Parameter fb bound to: 3 - type: integer 
INFO: [Synth 8-226] default block is never used [D:/Documents/fac/M1/_semestre2/projet conception/jalon1_v1.9/jalon1_v1.9.srcs/sources_1/imports/new/fbits.vhd:37]
WARNING: [Synth 8-614] signal 'x' is read in the process but is not in the sensitivity list [D:/Documents/fac/M1/_semestre2/projet conception/jalon1_v1.9/jalon1_v1.9.srcs/sources_1/imports/new/fbits.vhd:25]
WARNING: [Synth 8-614] signal 'enabl' is read in the process but is not in the sensitivity list [D:/Documents/fac/M1/_semestre2/projet conception/jalon1_v1.9/jalon1_v1.9.srcs/sources_1/imports/new/fbits.vhd:25]
INFO: [Synth 8-256] done synthesizing module 'fbits' (3#1) [D:/Documents/fac/M1/_semestre2/projet conception/jalon1_v1.9/jalon1_v1.9.srcs/sources_1/imports/new/fbits.vhd:15]
	Parameter size_message bound to: 8 - type: integer 
INFO: [Synth 8-3491] module 'Encodage' declared at 'D:/Documents/fac/M1/_semestre2/projet conception/jalon1_v1.9/jalon1_v1.9.srcs/sources_1/imports/new/XversY.vhd:5' bound to instance 'Lencodage' of component 'Encodage' [D:/Documents/fac/M1/_semestre2/projet conception/jalon1_v1.9/jalon1_v1.9.srcs/sources_1/imports/new/top_level.vhd:83]
INFO: [Synth 8-638] synthesizing module 'Encodage' [D:/Documents/fac/M1/_semestre2/projet conception/jalon1_v1.9/jalon1_v1.9.srcs/sources_1/imports/new/XversY.vhd:15]
	Parameter size_message bound to: 8 - type: integer 
WARNING: [Synth 8-614] signal 'Ssortie' is read in the process but is not in the sensitivity list [D:/Documents/fac/M1/_semestre2/projet conception/jalon1_v1.9/jalon1_v1.9.srcs/sources_1/imports/new/XversY.vhd:20]
INFO: [Synth 8-256] done synthesizing module 'Encodage' (4#1) [D:/Documents/fac/M1/_semestre2/projet conception/jalon1_v1.9/jalon1_v1.9.srcs/sources_1/imports/new/XversY.vhd:15]
	Parameter g_CLKS_PER_BIT bound to: 10416 - type: integer 
INFO: [Synth 8-3491] module 'UART_TX' declared at 'D:/Documents/fac/M1/_semestre2/projet conception/jalon1_v1.9/jalon1_v1.9.srcs/sources_1/imports/new/transmit.vhd:18' bound to instance 'transmit' of component 'UART_TX' [D:/Documents/fac/M1/_semestre2/projet conception/jalon1_v1.9/jalon1_v1.9.srcs/sources_1/imports/new/top_level.vhd:84]
INFO: [Synth 8-638] synthesizing module 'UART_TX' [D:/Documents/fac/M1/_semestre2/projet conception/jalon1_v1.9/jalon1_v1.9.srcs/sources_1/imports/new/transmit.vhd:32]
	Parameter g_CLKS_PER_BIT bound to: 10416 - type: integer 
INFO: [Synth 8-256] done synthesizing module 'UART_TX' (5#1) [D:/Documents/fac/M1/_semestre2/projet conception/jalon1_v1.9/jalon1_v1.9.srcs/sources_1/imports/new/transmit.vhd:32]
INFO: [Synth 8-256] done synthesizing module 'toplevel' (6#1) [D:/Documents/fac/M1/_semestre2/projet conception/jalon1_v1.9/jalon1_v1.9.srcs/sources_1/imports/new/top_level.vhd:15]
---------------------------------------------------------------------------------
Finished RTL Elaboration : Time (s): cpu = 00:00:04 ; elapsed = 00:00:05 . Memory (MB): peak = 419.465 ; gain = 156.477
---------------------------------------------------------------------------------

Report Check Netlist: 
+------+------------------+-------+---------+-------+------------------+
|      |Item              |Errors |Warnings |Status |Description       |
+------+------------------+-------+---------+-------+------------------+
|1     |multi_driven_nets |      0|        0|Passed |Multi driven nets |
+------+------------------+-------+---------+-------+------------------+
---------------------------------------------------------------------------------
Start Handling Custom Attributes
---------------------------------------------------------------------------------
---------------------------------------------------------------------------------
Finished Handling Custom Attributes : Time (s): cpu = 00:00:04 ; elapsed = 00:00:05 . Memory (MB): peak = 419.465 ; gain = 156.477
---------------------------------------------------------------------------------
---------------------------------------------------------------------------------
Finished RTL Optimization Phase 1 : Time (s): cpu = 00:00:04 ; elapsed = 00:00:05 . Memory (MB): peak = 419.465 ; gain = 156.477
---------------------------------------------------------------------------------
INFO: [Device 21-403] Loading part xc7a35tcpg236-1
INFO: [Project 1-570] Preparing netlist for logic optimization

Processing XDC Constraints
Initializing timing engine
Parsing XDC File [D:/Documents/fac/M1/_semestre2/projet conception/jalon1_v1.9/jalon1_v1.9.srcs/constrs_1/imports/new/constraints.xdc]
Finished Parsing XDC File [D:/Documents/fac/M1/_semestre2/projet conception/jalon1_v1.9/jalon1_v1.9.srcs/constrs_1/imports/new/constraints.xdc]
INFO: [Project 1-236] Implementation specific constraints were found while reading constraint file [D:/Documents/fac/M1/_semestre2/projet conception/jalon1_v1.9/jalon1_v1.9.srcs/constrs_1/imports/new/constraints.xdc]. These constraints will be ignored for synthesis but will be used in implementation. Impacted constraints are listed in the file [.Xil/toplevel_propImpl.xdc].
Resolution: To avoid this warning, move constraints listed in [.Xil/toplevel_propImpl.xdc] to another XDC file and exclude this new file from synthesis with the used_in_synthesis property (File Properties dialog in GUI) and re-run elaboration/synthesis.
Netlist sorting complete. Time (s): cpu = 00:00:00 ; elapsed = 00:00:00.001 . Memory (MB): peak = 756.379 ; gain = 0.000
Completed Processing XDC Constraints

Netlist sorting complete. Time (s): cpu = 00:00:00 ; elapsed = 00:00:00.001 . Memory (MB): peak = 756.379 ; gain = 0.000
INFO: [Project 1-111] Unisim Transformation Summary:
No Unisim elements were transformed.

Netlist sorting complete. Time (s): cpu = 00:00:00 ; elapsed = 00:00:00 . Memory (MB): peak = 756.379 ; gain = 0.000
Constraint Validation Runtime : Time (s): cpu = 00:00:00 ; elapsed = 00:00:00.004 . Memory (MB): peak = 756.379 ; gain = 0.000
---------------------------------------------------------------------------------
Finished Constraint Validation : Time (s): cpu = 00:00:14 ; elapsed = 00:00:17 . Memory (MB): peak = 756.379 ; gain = 493.391
---------------------------------------------------------------------------------
---------------------------------------------------------------------------------
Start Loading Part and Timing Information
---------------------------------------------------------------------------------
Loading part: xc7a35tcpg236-1
---------------------------------------------------------------------------------
Finished Loading Part and Timing Information : Time (s): cpu = 00:00:14 ; elapsed = 00:00:17 . Memory (MB): peak = 756.379 ; gain = 493.391
---------------------------------------------------------------------------------
---------------------------------------------------------------------------------
Start Applying 'set_property' XDC Constraints
---------------------------------------------------------------------------------
---------------------------------------------------------------------------------
Finished applying 'set_property' XDC Constraints : Time (s): cpu = 00:00:14 ; elapsed = 00:00:17 . Memory (MB): peak = 756.379 ; gain = 493.391
---------------------------------------------------------------------------------
INFO: [Synth 8-802] inferred FSM for state register 'r_SM_Main_reg' in module 'UART_RX'
INFO: [Synth 8-5544] ROM "r_Bit_Index0" won't be mapped to Block RAM because address size (3) smaller than threshold (5)
INFO: [Synth 8-5544] ROM "r_SM_Main" won't be mapped to Block RAM because address size (1) smaller than threshold (5)
INFO: [Synth 8-5544] ROM "r_SM_Main" won't be mapped to Block RAM because address size (1) smaller than threshold (5)
INFO: [Synth 8-5544] ROM "r_SM_Main" won't be mapped to Block RAM because address size (1) smaller than threshold (5)
INFO: [Synth 8-4471] merging register 'resetXtoY_reg' into 'resetFbits_reg' [D:/Documents/fac/M1/_semestre2/projet conception/jalon1_v1.9/jalon1_v1.9.srcs/sources_1/imports/new/controle.vhd:30]
INFO: [Synth 8-4471] merging register 'resetTransmit_reg' into 'resetFbits_reg' [D:/Documents/fac/M1/_semestre2/projet conception/jalon1_v1.9/jalon1_v1.9.srcs/sources_1/imports/new/controle.vhd:31]
INFO: [Synth 8-802] inferred FSM for state register 'setat_reg' in module 'controle'
INFO: [Synth 8-5544] ROM "startreception" won't be mapped to Block RAM because address size (3) smaller than threshold (5)
INFO: [Synth 8-5544] ROM "setat" won't be mapped to Block RAM because address size (1) smaller than threshold (5)
INFO: [Synth 8-5544] ROM "setat" won't be mapped to Block RAM because address size (1) smaller than threshold (5)
INFO: [Synth 8-5544] ROM "setat" won't be mapped to Block RAM because address size (1) smaller than threshold (5)
INFO: [Synth 8-5544] ROM "setat" won't be mapped to Block RAM because address size (1) smaller than threshold (5)
INFO: [Synth 8-802] inferred FSM for state register 'setat_reg' in module 'fbits'
INFO: [Synth 8-5544] ROM "setat" won't be mapped to Block RAM because address size (1) smaller than threshold (5)
INFO: [Synth 8-5544] ROM "setat" won't be mapped to Block RAM because address size (1) smaller than threshold (5)
INFO: [Synth 8-802] inferred FSM for state register 'setat_reg' in module 'Encodage'
INFO: [Synth 8-5544] ROM "setat" won't be mapped to Block RAM because address size (1) smaller than threshold (5)
INFO: [Synth 8-5544] ROM "setat" won't be mapped to Block RAM because address size (1) smaller than threshold (5)
INFO: [Synth 8-5544] ROM "setat" won't be mapped to Block RAM because address size (1) smaller than threshold (5)
INFO: [Synth 8-802] inferred FSM for state register 'r_SM_Main_reg' in module 'UART_TX'
INFO: [Synth 8-5544] ROM "o_TX_Serial" won't be mapped to Block RAM because address size (3) smaller than threshold (5)
INFO: [Synth 8-5544] ROM "r_Clk_Count" won't be mapped to Block RAM because address size (3) smaller than threshold (5)
INFO: [Synth 8-5544] ROM "r_Clk_Count0" won't be mapped to Block RAM because address size (3) smaller than threshold (5)
INFO: [Synth 8-5544] ROM "r_SM_Main" won't be mapped to Block RAM because address size (1) smaller than threshold (5)
INFO: [Synth 8-5544] ROM "r_SM_Main" won't be mapped to Block RAM because address size (1) smaller than threshold (5)
INFO: [Synth 8-5544] ROM "r_SM_Main" won't be mapped to Block RAM because address size (1) smaller than threshold (5)
---------------------------------------------------------------------------------------------------
                   State |                     New Encoding |                Previous Encoding 
---------------------------------------------------------------------------------------------------
                  s_idle |                              000 |                              000
          s_rx_start_bit |                              001 |                              001
          s_rx_data_bits |                              010 |                              010
           s_rx_stop_bit |                              011 |                              011
               s_cleanup |                              100 |                              100
---------------------------------------------------------------------------------------------------
INFO: [Synth 8-3354] encoded FSM with state register 'r_SM_Main_reg' using encoding 'sequential' in module 'UART_RX'
---------------------------------------------------------------------------------------------------
                   State |                     New Encoding |                Previous Encoding 
---------------------------------------------------------------------------------------------------
                 attente |                               00 |                              000
                   fbits |                               01 |                              010
                    xtoy |                               10 |                              011
                transmit |                               11 |                              100
---------------------------------------------------------------------------------------------------
INFO: [Synth 8-3354] encoded FSM with state register 'setat_reg' using encoding 'sequential' in module 'controle'
---------------------------------------------------------------------------------------------------
                   State |                     New Encoding |                Previous Encoding 
---------------------------------------------------------------------------------------------------
                      s0 |                               00 |                               00
                      s1 |                               01 |                               01
                      s2 |                               10 |                               10
                      s3 |                               11 |                               11
---------------------------------------------------------------------------------------------------
INFO: [Synth 8-3354] encoded FSM with state register 'setat_reg' using encoding 'sequential' in module 'fbits'
---------------------------------------------------------------------------------------------------
                   State |                     New Encoding |                Previous Encoding 
---------------------------------------------------------------------------------------------------
                      st |                            00001 |                              000
                      s0 |                            00010 |                              001
                      s1 |                            00100 |                              010
                      s2 |                            01000 |                              011
                     fin |                            10000 |                              100
---------------------------------------------------------------------------------------------------
INFO: [Synth 8-3354] encoded FSM with state register 'setat_reg' using encoding 'one-hot' in module 'Encodage'
---------------------------------------------------------------------------------------------------
                   State |                     New Encoding |                Previous Encoding 
---------------------------------------------------------------------------------------------------
                  s_idle |                              000 |                              000
          s_tx_start_bit |                              001 |                              001
          s_tx_data_bits |                              010 |                              010
           s_tx_stop_bit |                              011 |                              011
               s_cleanup |                              100 |                              100
---------------------------------------------------------------------------------------------------
INFO: [Synth 8-3354] encoded FSM with state register 'r_SM_Main_reg' using encoding 'sequential' in module 'UART_TX'
---------------------------------------------------------------------------------
Finished RTL Optimization Phase 2 : Time (s): cpu = 00:00:15 ; elapsed = 00:00:18 . Memory (MB): peak = 756.379 ; gain = 493.391
---------------------------------------------------------------------------------

Report RTL Partitions: 
+-+--------------+------------+----------+
| |RTL Partition |Replication |Instances |
+-+--------------+------------+----------+
+-+--------------+------------+----------+
---------------------------------------------------------------------------------
Start RTL Component Statistics 
---------------------------------------------------------------------------------
Detailed RTL Component Info : 
+---Adders : 
	   2 Input     32 Bit       Adders := 8     
	   2 Input     31 Bit       Adders := 1     
	   2 Input     14 Bit       Adders := 1     
	   2 Input      3 Bit       Adders := 6     
	   3 Input      3 Bit       Adders := 1     
+---XORs : 
	   2 Input      1 Bit         XORs := 2     
+---Registers : 
	               32 Bit    Registers := 8     
	               14 Bit    Registers := 1     
	                8 Bit    Registers := 5     
	                3 Bit    Registers := 2     
	                1 Bit    Registers := 12    
+---Muxes : 
	   4 Input     32 Bit        Muxes := 3     
	   5 Input     32 Bit        Muxes := 5     
	   2 Input     14 Bit        Muxes := 1     
	   5 Input     14 Bit        Muxes := 1     
	   2 Input      8 Bit        Muxes := 8     
	   5 Input      8 Bit        Muxes := 3     
	   4 Input      8 Bit        Muxes := 2     
	   5 Input      5 Bit        Muxes := 1     
	   2 Input      5 Bit        Muxes := 5     
	   2 Input      3 Bit        Muxes := 13    
	   5 Input      3 Bit        Muxes := 2     
	   8 Input      3 Bit        Muxes := 1     
	   4 Input      2 Bit        Muxes := 2     
	   2 Input      2 Bit        Muxes := 7     
	   2 Input      1 Bit        Muxes := 3     
	   5 Input      1 Bit        Muxes := 16    
	   4 Input      1 Bit        Muxes := 11    
---------------------------------------------------------------------------------
Finished RTL Component Statistics 
---------------------------------------------------------------------------------
---------------------------------------------------------------------------------
Start RTL Hierarchical Component Statistics 
---------------------------------------------------------------------------------
Hierarchical RTL Component report 
Module UART_RX 
Detailed RTL Component Info : 
+---Adders : 
	   2 Input     14 Bit       Adders := 1     
	   2 Input      3 Bit       Adders := 1     
+---Registers : 
	               14 Bit    Registers := 1     
	                8 Bit    Registers := 1     
	                3 Bit    Registers := 1     
	                1 Bit    Registers := 3     
+---Muxes : 
	   2 Input     14 Bit        Muxes := 1     
	   5 Input     14 Bit        Muxes := 1     
	   2 Input      8 Bit        Muxes := 1     
	   5 Input      8 Bit        Muxes := 1     
	   2 Input      3 Bit        Muxes := 7     
	   5 Input      3 Bit        Muxes := 1     
	   2 Input      1 Bit        Muxes := 2     
	   5 Input      1 Bit        Muxes := 4     
Module controle 
Detailed RTL Component Info : 
+---Registers : 
	                1 Bit    Registers := 5     
+---Muxes : 
	   4 Input      2 Bit        Muxes := 1     
	   2 Input      2 Bit        Muxes := 4     
	   4 Input      1 Bit        Muxes := 7     
Module fbits 
Detailed RTL Component Info : 
+---Adders : 
	   2 Input     32 Bit       Adders := 3     
	   2 Input      3 Bit       Adders := 1     
+---Registers : 
	               32 Bit    Registers := 3     
	                8 Bit    Registers := 1     
	                1 Bit    Registers := 1     
+---Muxes : 
	   4 Input     32 Bit        Muxes := 3     
	   2 Input      8 Bit        Muxes := 3     
	   4 Input      8 Bit        Muxes := 2     
	   8 Input      3 Bit        Muxes := 1     
	   4 Input      2 Bit        Muxes := 1     
	   2 Input      2 Bit        Muxes := 3     
	   4 Input      1 Bit        Muxes := 4     
Module Encodage 
Detailed RTL Component Info : 
+---Adders : 
	   2 Input     32 Bit       Adders := 5     
	   2 Input     31 Bit       Adders := 1     
	   2 Input      3 Bit       Adders := 3     
	   3 Input      3 Bit       Adders := 1     
+---XORs : 
	   2 Input      1 Bit         XORs := 2     
+---Registers : 
	               32 Bit    Registers := 5     
	                8 Bit    Registers := 2     
	                1 Bit    Registers := 1     
+---Muxes : 
	   5 Input     32 Bit        Muxes := 5     
	   2 Input      8 Bit        Muxes := 4     
	   5 Input      8 Bit        Muxes := 2     
	   5 Input      5 Bit        Muxes := 1     
	   2 Input      5 Bit        Muxes := 5     
	   5 Input      1 Bit        Muxes := 5     
Module UART_TX 
Detailed RTL Component Info : 
+---Adders : 
	   2 Input      3 Bit       Adders := 1     
+---Registers : 
	                8 Bit    Registers := 1     
	                3 Bit    Registers := 1     
	                1 Bit    Registers := 2     
+---Muxes : 
	   2 Input      3 Bit        Muxes := 6     
	   5 Input      3 Bit        Muxes := 1     
	   5 Input      1 Bit        Muxes := 7     
	   2 Input      1 Bit        Muxes := 1     
---------------------------------------------------------------------------------
Finished RTL Hierarchical Component Statistics
---------------------------------------------------------------------------------
---------------------------------------------------------------------------------
Start Part Resource Summary
---------------------------------------------------------------------------------
Part Resources:
DSPs: 90 (col length:60)
BRAMs: 100 (col length: RAMB18 60 RAMB36 30)
---------------------------------------------------------------------------------
Finished Part Resource Summary
---------------------------------------------------------------------------------
---------------------------------------------------------------------------------
Start Cross Boundary and Area Optimization
---------------------------------------------------------------------------------
Warning: Parallel synthesis criteria is not met 
---------------------------------------------------------------------------------
Finished Cross Boundary and Area Optimization : Time (s): cpu = 00:00:18 ; elapsed = 00:00:22 . Memory (MB): peak = 756.379 ; gain = 493.391
---------------------------------------------------------------------------------

Report RTL Partitions: 
+-+--------------+------------+----------+
| |RTL Partition |Replication |Instances |
+-+--------------+------------+----------+
+-+--------------+------------+----------+
---------------------------------------------------------------------------------
Start Applying XDC Timing Constraints
---------------------------------------------------------------------------------
---------------------------------------------------------------------------------
Finished Applying XDC Timing Constraints : Time (s): cpu = 00:00:29 ; elapsed = 00:00:34 . Memory (MB): peak = 756.379 ; gain = 493.391
---------------------------------------------------------------------------------
---------------------------------------------------------------------------------
Start Timing Optimization
---------------------------------------------------------------------------------
---------------------------------------------------------------------------------
Finished Timing Optimization : Time (s): cpu = 00:00:31 ; elapsed = 00:00:37 . Memory (MB): peak = 785.109 ; gain = 522.121
---------------------------------------------------------------------------------

Report RTL Partitions: 
+-+--------------+------------+----------+
| |RTL Partition |Replication |Instances |
+-+--------------+------------+----------+
+-+--------------+------------+----------+
---------------------------------------------------------------------------------
Start Technology Mapping
---------------------------------------------------------------------------------
---------------------------------------------------------------------------------
Finished Technology Mapping : Time (s): cpu = 00:00:31 ; elapsed = 00:00:37 . Memory (MB): peak = 794.129 ; gain = 531.141
---------------------------------------------------------------------------------

Report RTL Partitions: 
+-+--------------+------------+----------+
| |RTL Partition |Replication |Instances |
+-+--------------+------------+----------+
+-+--------------+------------+----------+
---------------------------------------------------------------------------------
Start IO Insertion
---------------------------------------------------------------------------------
---------------------------------------------------------------------------------
Start Flattening Before IO Insertion
---------------------------------------------------------------------------------
---------------------------------------------------------------------------------
Finished Flattening Before IO Insertion
---------------------------------------------------------------------------------
---------------------------------------------------------------------------------
Start Final Netlist Cleanup
---------------------------------------------------------------------------------
---------------------------------------------------------------------------------
Finished Final Netlist Cleanup
---------------------------------------------------------------------------------
---------------------------------------------------------------------------------
Finished IO Insertion : Time (s): cpu = 00:00:33 ; elapsed = 00:00:39 . Memory (MB): peak = 794.129 ; gain = 531.141
---------------------------------------------------------------------------------

Report Check Netlist: 
+------+------------------+-------+---------+-------+------------------+
|      |Item              |Errors |Warnings |Status |Description       |
+------+------------------+-------+---------+-------+------------------+
|1     |multi_driven_nets |      0|        0|Passed |Multi driven nets |
+------+------------------+-------+---------+-------+------------------+
---------------------------------------------------------------------------------
Start Renaming Generated Instances
---------------------------------------------------------------------------------
---------------------------------------------------------------------------------
Finished Renaming Generated Instances : Time (s): cpu = 00:00:33 ; elapsed = 00:00:39 . Memory (MB): peak = 794.129 ; gain = 531.141
---------------------------------------------------------------------------------

Report RTL Partitions: 
+-+--------------+------------+----------+
| |RTL Partition |Replication |Instances |
+-+--------------+------------+----------+
+-+--------------+------------+----------+
---------------------------------------------------------------------------------
Start Rebuilding User Hierarchy
---------------------------------------------------------------------------------
---------------------------------------------------------------------------------
Finished Rebuilding User Hierarchy : Time (s): cpu = 00:00:33 ; elapsed = 00:00:39 . Memory (MB): peak = 794.129 ; gain = 531.141
---------------------------------------------------------------------------------
---------------------------------------------------------------------------------
Start Renaming Generated Ports
---------------------------------------------------------------------------------
---------------------------------------------------------------------------------
Finished Renaming Generated Ports : Time (s): cpu = 00:00:33 ; elapsed = 00:00:39 . Memory (MB): peak = 794.129 ; gain = 531.141
---------------------------------------------------------------------------------
---------------------------------------------------------------------------------
Start Handling Custom Attributes
---------------------------------------------------------------------------------
---------------------------------------------------------------------------------
Finished Handling Custom Attributes : Time (s): cpu = 00:00:33 ; elapsed = 00:00:39 . Memory (MB): peak = 794.129 ; gain = 531.141
---------------------------------------------------------------------------------
---------------------------------------------------------------------------------
Start Renaming Generated Nets
---------------------------------------------------------------------------------
---------------------------------------------------------------------------------
Finished Renaming Generated Nets : Time (s): cpu = 00:00:33 ; elapsed = 00:00:39 . Memory (MB): peak = 794.129 ; gain = 531.141
---------------------------------------------------------------------------------
---------------------------------------------------------------------------------
Start Writing Synthesis Report
---------------------------------------------------------------------------------

Report BlackBoxes: 
+-+--------------+----------+
| |BlackBox name |Instances |
+-+--------------+----------+
+-+--------------+----------+

Report Cell Usage: 
+------+-------+------+
|      |Cell   |Count |
+------+-------+------+
|1     |BUFG   |     1|
|2     |CARRY4 |    90|
|3     |LUT1   |    35|
|4     |LUT2   |   333|
|5     |LUT3   |    47|
|6     |LUT4   |    29|
|7     |LUT5   |    59|
|8     |LUT6   |   133|
|9     |MUXF7  |     1|
|10    |FDCE   |   217|
|11    |FDPE   |    22|
|12    |FDRE   |    65|
|13    |LDC    |     8|
|14    |IBUF   |     3|
|15    |OBUF   |    17|
+------+-------+------+

Report Instance Areas: 
+------+------------+---------+------+
|      |Instance    |Module   |Cells |
+------+------------+---------+------+
|1     |top         |         |  1060|
|2     |  Lcontrole |controle |    30|
|3     |  Lencodage |Encodage |   626|
|4     |  Lfbits    |fbits    |   242|
|5     |  reception |UART_RX  |    72|
|6     |  transmit  |UART_TX  |    69|
+------+------------+---------+------+
---------------------------------------------------------------------------------
Finished Writing Synthesis Report : Time (s): cpu = 00:00:33 ; elapsed = 00:00:39 . Memory (MB): peak = 794.129 ; gain = 531.141
---------------------------------------------------------------------------------
Synthesis finished with 0 errors, 0 critical warnings and 0 warnings.
Synthesis Optimization Runtime : Time (s): cpu = 00:00:22 ; elapsed = 00:00:31 . Memory (MB): peak = 794.129 ; gain = 194.227
Synthesis Optimization Complete : Time (s): cpu = 00:00:33 ; elapsed = 00:00:39 . Memory (MB): peak = 794.129 ; gain = 531.141
INFO: [Project 1-571] Translating synthesized netlist
INFO: [Netlist 29-17] Analyzing 99 Unisim elements for replacement
INFO: [Netlist 29-28] Unisim Transformation completed in 0 CPU seconds
INFO: [Project 1-570] Preparing netlist for logic optimization
INFO: [Opt 31-138] Pushed 0 inverter(s) to 0 load pin(s).
Netlist sorting complete. Time (s): cpu = 00:00:00 ; elapsed = 00:00:00.001 . Memory (MB): peak = 794.129 ; gain = 0.000
INFO: [Project 1-111] Unisim Transformation Summary:
  A total of 8 instances were transformed.
  LDC => LDCE: 8 instances

INFO: [Common 17-83] Releasing license: Synthesis
62 Infos, 3 Warnings, 0 Critical Warnings and 0 Errors encountered.
synth_design completed successfully
synth_design: Time (s): cpu = 00:00:35 ; elapsed = 00:00:42 . Memory (MB): peak = 794.129 ; gain = 544.406
Netlist sorting complete. Time (s): cpu = 00:00:00 ; elapsed = 00:00:00 . Memory (MB): peak = 794.129 ; gain = 0.000
WARNING: [Constraints 18-5210] No constraints selected for write.
Resolution: This message can indicate that there are no constraints for the design, or it can indicate that the used_in flags are set such that the constraints are ignored. This later case is used when running synth_design to not write synthesis constraints to the resulting checkpoint. Instead, project constraints are read when the synthesized design is opened.
INFO: [Common 17-1381] The checkpoint 'D:/Documents/fac/M1/_semestre2/projet conception/jalon1_v1.9/jalon1_v1.9.runs/synth_1/toplevel.dcp' has been generated.
INFO: [runtcl-4] Executing : report_utilization -file toplevel_utilization_synth.rpt -pb toplevel_utilization_synth.pb
INFO: [Common 17-206] Exiting Vivado at Thu Mar  7 20:46:42 2019...
