#-----------------------------------------------------------
# Vivado v2018.3 (64-bit)
# SW Build 2405991 on Thu Dec  6 23:38:27 MST 2018
# IP Build 2404404 on Fri Dec  7 01:43:56 MST 2018
# Start of session at: Wed Feb 13 11:56:49 2019
# Process ID: 7320
# Current directory: C:/Users/Jose Antonio/Google Drive/UBS/S2/VHDL/Projet VHDL Polar Encoder/Vivado/jalon_1
# Command line: vivado.exe -gui_launcher_event rodinguilauncherevent10376 C:\Users\Jose Antonio\Google Drive\UBS\S2\VHDL\Projet VHDL Polar Encoder\Vivado\jalon_1\jalon_1.xpr
# Log file: C:/Users/Jose Antonio/Google Drive/UBS/S2/VHDL/Projet VHDL Polar Encoder/Vivado/jalon_1/vivado.log
# Journal file: C:/Users/Jose Antonio/Google Drive/UBS/S2/VHDL/Projet VHDL Polar Encoder/Vivado/jalon_1\vivado.jou
#-----------------------------------------------------------
start_gui
open_project {C:/Users/Jose Antonio/Google Drive/UBS/S2/VHDL/Projet VHDL Polar Encoder/Vivado/jalon_1/jalon_1.xpr}
INFO: [ProjectBase 1-489] The host OS only allows 260 characters in a normal path. The project is stored in a path with more than 80 characters. If you experience issues with IP, Block Designs, or files not being found, please consider moving the project to a location with a shorter path. Alternately consider using the OS subst command to map part of the path to a drive letter.
Current project path is 'C:/Users/Jose Antonio/Google Drive/UBS/S2/VHDL/Projet VHDL Polar Encoder/Vivado/jalon_1'
INFO: [Project 1-313] Project file moved from 'C:/VIVADO_TESTS/jalon_1' since last save.
Scanning sources...
Finished scanning sources
INFO: [IP_Flow 19-234] Refreshing IP repositories
INFO: [IP_Flow 19-1704] No user IP repositories specified
INFO: [IP_Flow 19-2313] Loaded Vivado IP repository 'C:/Xilinx/Vivado/2018.3/data/ip'.
open_project: Time (s): cpu = 00:00:52 ; elapsed = 00:00:31 . Memory (MB): peak = 696.723 ; gain = 130.32eexit
INFO: [Common 17-206] Exiting Vivado at Wed Feb 13 13:55:23 2019...

