#-----------------------------------------------------------
# Vivado v2018.3 (64-bit)
# SW Build 2405991 on Thu Dec  6 23:38:27 MST 2018
# IP Build 2404404 on Fri Dec  7 01:43:56 MST 2018
# Start of session at: Tue Mar 26 22:20:08 2019
# Process ID: 1612
# Current directory: C:/VIVADO_TESTS/jalonFinal_joliMot - vivado
# Command line: vivado.exe -gui_launcher_event rodinguilauncherevent10148 C:\VIVADO_TESTS\jalonFinal_joliMot - vivado\jalonFinal_joliMot - vivado.xpr
# Log file: C:/VIVADO_TESTS/jalonFinal_joliMot - vivado/vivado.log
# Journal file: C:/VIVADO_TESTS/jalonFinal_joliMot - vivado\vivado.jou
#-----------------------------------------------------------
start_gui
open_project {C:/VIVADO_TESTS/jalonFinal_joliMot - vivado/jalonFinal_joliMot - vivado.xpr}
INFO: [Project 1-313] Project file moved from 'D:/Documents/fac/M1/_semestre2/projet conception/jalonFinal_joliMot - vivado' since last save.
Scanning sources...
Finished scanning sources
INFO: [IP_Flow 19-234] Refreshing IP repositories
INFO: [IP_Flow 19-1704] No user IP repositories specified
INFO: [IP_Flow 19-2313] Loaded Vivado IP repository 'C:/Xilinx/Vivado/2018.3/data/ip'.
open_project: Time (s): cpu = 00:00:53 ; elapsed = 00:00:40 . Memory (MB): peak = 656.016 ; gain = 98.777
update_compile_order -fileset sources_1
WARNING: [filemgmt 56-199] Attempt to get parsing info during refresh. "On-the-fly" syntax checking information may be incorrect. [C:/VIVADO_TESTS/jalonFinal_joliMot - vivado/jalonFinal_joliMot - vivado.srcs/sources_1/imports/Téléchargements/test_reception.vhd:]
WARNING: [filemgmt 56-199] Attempt to get parsing info during refresh. "On-the-fly" syntax checking information may be incorrect. [C:/VIVADO_TESTS/jalonFinal_joliMot - vivado/jalonFinal_joliMot - vivado.srcs/sources_1/imports/v9/reception.vhd:]
WARNING: [filemgmt 56-199] Attempt to get parsing info during refresh. "On-the-fly" syntax checking information may be incorrect. [C:/VIVADO_TESTS/jalonFinal_joliMot - vivado/jalonFinal_joliMot - vivado.srcs/sources_1/imports/tmp/ram_reception.vhd:]
reset_run synth_1
launch_runs impl_1 -to_step write_bitstream -jobs 4
[Tue Mar 26 22:28:48 2019] Launched synth_1...
Run output will be captured here: C:/VIVADO_TESTS/jalonFinal_joliMot - vivado/jalonFinal_joliMot - vivado.runs/synth_1/runme.log
[Tue Mar 26 22:28:48 2019] Launched impl_1...
Run output will be captured here: C:/VIVADO_TESTS/jalonFinal_joliMot - vivado/jalonFinal_joliMot - vivado.runs/impl_1/runme.log
reset_run synth_1
launch_runs impl_1 -to_step write_bitstream -jobs 4
[Tue Mar 26 22:40:33 2019] Launched synth_1...
Run output will be captured here: C:/VIVADO_TESTS/jalonFinal_joliMot - vivado/jalonFinal_joliMot - vivado.runs/synth_1/runme.log
[Tue Mar 26 22:40:34 2019] Launched impl_1...
Run output will be captured here: C:/VIVADO_TESTS/jalonFinal_joliMot - vivado/jalonFinal_joliMot - vivado.runs/impl_1/runme.log
reset_run synth_1
launch_runs impl_1 -to_step write_bitstream -jobs 4
[Tue Mar 26 23:03:39 2019] Launched synth_1...
Run output will be captured here: C:/VIVADO_TESTS/jalonFinal_joliMot - vivado/jalonFinal_joliMot - vivado.runs/synth_1/runme.log
[Tue Mar 26 23:03:39 2019] Launched impl_1...
Run output will be captured here: C:/VIVADO_TESTS/jalonFinal_joliMot - vivado/jalonFinal_joliMot - vivado.runs/impl_1/runme.log
open_hw
open_hw: Time (s): cpu = 00:00:09 ; elapsed = 00:00:05 . Memory (MB): peak = 752.223 ; gain = 0.000
connect_hw_server
INFO: [Labtools 27-2285] Connecting to hw_server url TCP:localhost:3121
INFO: [Labtools 27-2222] Launching hw_server...
INFO: [Labtools 27-2221] Launch Output:

****** Xilinx hw_server v2018.3
  **** Build date : Dec  7 2018-00:40:27
    ** Copyright 1986-2018 Xilinx, Inc. All Rights Reserved.


open_hw_target
INFO: [Labtoolstcl 44-466] Opening hw_target localhost:3121/xilinx_tcf/Digilent/210183A4D89AA
open_hw_target: Time (s): cpu = 00:00:11 ; elapsed = 00:00:12 . Memory (MB): peak = 1667.793 ; gain = 913.590
set_property PROGRAM.FILE {C:/VIVADO_TESTS/jalonFinal_joliMot - vivado/jalonFinal_joliMot - vivado.runs/impl_1/toplevel.bit} [get_hw_devices xc7a35t_0]
current_hw_device [get_hw_devices xc7a35t_0]
refresh_hw_device -update_hw_probes false [lindex [get_hw_devices xc7a35t_0] 0]
INFO: [Labtools 27-1435] Device xc7a35t (JTAG device index = 0) is not programmed (DONE status = 0).
set_property PROBES.FILE {} [get_hw_devices xc7a35t_0]
set_property FULL_PROBES.FILE {} [get_hw_devices xc7a35t_0]
set_property PROGRAM.FILE {C:/VIVADO_TESTS/jalonFinal_joliMot - vivado/jalonFinal_joliMot - vivado.runs/impl_1/toplevel.bit} [get_hw_devices xc7a35t_0]
program_hw_devices [get_hw_devices xc7a35t_0]
INFO: [Labtools 27-3164] End of startup status: HIGH
refresh_hw_device [lindex [get_hw_devices xc7a35t_0] 0]
INFO: [Labtools 27-1434] Device xc7a35t (JTAG device index = 0) is programmed with a design that has no supported debug core(s) in it.
set_property PROBES.FILE {} [get_hw_devices xc7a35t_0]
set_property FULL_PROBES.FILE {} [get_hw_devices xc7a35t_0]
set_property PROGRAM.FILE {C:/VIVADO_TESTS/jalonFinal_joliMot - vivado/jalonFinal_joliMot - vivado.runs/impl_1/toplevel.bit} [get_hw_devices xc7a35t_0]
program_hw_devices [get_hw_devices xc7a35t_0]
INFO: [Labtools 27-3164] End of startup status: HIGH
refresh_hw_device [lindex [get_hw_devices xc7a35t_0] 0]
INFO: [Labtools 27-1434] Device xc7a35t (JTAG device index = 0) is programmed with a design that has no supported debug core(s) in it.
update_compile_order -fileset sources_1
reset_run synth_1
launch_runs impl_1 -to_step write_bitstream -jobs 4
[Tue Mar 26 23:17:51 2019] Launched synth_1...
Run output will be captured here: C:/VIVADO_TESTS/jalonFinal_joliMot - vivado/jalonFinal_joliMot - vivado.runs/synth_1/runme.log
[Tue Mar 26 23:17:51 2019] Launched impl_1...
Run output will be captured here: C:/VIVADO_TESTS/jalonFinal_joliMot - vivado/jalonFinal_joliMot - vivado.runs/impl_1/runme.log
set_property PROBES.FILE {} [get_hw_devices xc7a35t_0]
set_property FULL_PROBES.FILE {} [get_hw_devices xc7a35t_0]
set_property PROGRAM.FILE {C:/VIVADO_TESTS/jalonFinal_joliMot - vivado/jalonFinal_joliMot - vivado.runs/impl_1/toplevel.bit} [get_hw_devices xc7a35t_0]
program_hw_devices [get_hw_devices xc7a35t_0]
INFO: [Labtools 27-3164] End of startup status: HIGH
refresh_hw_device [lindex [get_hw_devices xc7a35t_0] 0]
INFO: [Labtools 27-1434] Device xc7a35t (JTAG device index = 0) is programmed with a design that has no supported debug core(s) in it.
set_property PROBES.FILE {} [get_hw_devices xc7a35t_0]
set_property FULL_PROBES.FILE {} [get_hw_devices xc7a35t_0]
set_property PROGRAM.FILE {C:/VIVADO_TESTS/jalonFinal_joliMot - vivado/jalonFinal_joliMot - vivado.runs/impl_1/toplevel.bit} [get_hw_devices xc7a35t_0]
program_hw_devices [get_hw_devices xc7a35t_0]
INFO: [Labtools 27-3164] End of startup status: HIGH
refresh_hw_device [lindex [get_hw_devices xc7a35t_0] 0]
INFO: [Labtools 27-1434] Device xc7a35t (JTAG device index = 0) is programmed with a design that has no supported debug core(s) in it.
set_property PROBES.FILE {} [get_hw_devices xc7a35t_0]
set_property FULL_PROBES.FILE {} [get_hw_devices xc7a35t_0]
set_property PROGRAM.FILE {C:/VIVADO_TESTS/jalonFinal_joliMot - vivado/jalonFinal_joliMot - vivado.runs/impl_1/toplevel.bit} [get_hw_devices xc7a35t_0]
program_hw_devices [get_hw_devices xc7a35t_0]
INFO: [Labtools 27-3164] End of startup status: HIGH
refresh_hw_device [lindex [get_hw_devices xc7a35t_0] 0]
INFO: [Labtools 27-1434] Device xc7a35t (JTAG device index = 0) is programmed with a design that has no supported debug core(s) in it.
update_compile_order -fileset sources_1
reset_run synth_1
launch_runs impl_1 -to_step write_bitstream -jobs 4
[Tue Mar 26 23:33:48 2019] Launched synth_1...
Run output will be captured here: C:/VIVADO_TESTS/jalonFinal_joliMot - vivado/jalonFinal_joliMot - vivado.runs/synth_1/runme.log
[Tue Mar 26 23:33:48 2019] Launched impl_1...
Run output will be captured here: C:/VIVADO_TESTS/jalonFinal_joliMot - vivado/jalonFinal_joliMot - vivado.runs/impl_1/runme.log
reset_run synth_1
launch_runs impl_1 -to_step write_bitstream -jobs 4
[Tue Mar 26 23:34:33 2019] Launched synth_1...
Run output will be captured here: C:/VIVADO_TESTS/jalonFinal_joliMot - vivado/jalonFinal_joliMot - vivado.runs/synth_1/runme.log
[Tue Mar 26 23:34:33 2019] Launched impl_1...
Run output will be captured here: C:/VIVADO_TESTS/jalonFinal_joliMot - vivado/jalonFinal_joliMot - vivado.runs/impl_1/runme.log
update_compile_order -fileset sources_1
reset_run synth_1
launch_runs impl_1 -to_step write_bitstream -jobs 4
[Tue Mar 26 23:43:00 2019] Launched synth_1...
Run output will be captured here: C:/VIVADO_TESTS/jalonFinal_joliMot - vivado/jalonFinal_joliMot - vivado.runs/synth_1/runme.log
[Tue Mar 26 23:43:00 2019] Launched impl_1...
Run output will be captured here: C:/VIVADO_TESTS/jalonFinal_joliMot - vivado/jalonFinal_joliMot - vivado.runs/impl_1/runme.log
ERROR: [Labtoolstcl 44-513] HW Target shutdown. Closing target: localhost:3121/xilinx_tcf/Digilent/210183A4D89AA
INFO: [Labtoolstcl 44-466] Opening hw_target localhost:3121/xilinx_tcf/Digilent/210183A4D89AA
INFO: [Labtools 27-1435] Device xc7a35t (JTAG device index = 0) is not programmed (DONE status = 0).
WARNING: [Labtoolstcl 44-129] No matching hw_ila_data was found.
set_property PROBES.FILE {} [get_hw_devices xc7a35t_0]
set_property FULL_PROBES.FILE {} [get_hw_devices xc7a35t_0]
set_property PROGRAM.FILE {C:/VIVADO_TESTS/jalonFinal_joliMot - vivado/jalonFinal_joliMot - vivado.runs/impl_1/toplevel.bit} [get_hw_devices xc7a35t_0]
program_hw_devices [get_hw_devices xc7a35t_0]
INFO: [Labtools 27-3164] End of startup status: HIGH
refresh_hw_device [lindex [get_hw_devices xc7a35t_0] 0]
INFO: [Labtools 27-1434] Device xc7a35t (JTAG device index = 0) is programmed with a design that has no supported debug core(s) in it.
set_property PROBES.FILE {} [get_hw_devices xc7a35t_0]
set_property FULL_PROBES.FILE {} [get_hw_devices xc7a35t_0]
set_property PROGRAM.FILE {C:/VIVADO_TESTS/jalonFinal_joliMot - vivado/jalonFinal_joliMot - vivado.runs/impl_1/toplevel.bit} [get_hw_devices xc7a35t_0]
program_hw_devices [get_hw_devices xc7a35t_0]
INFO: [Labtools 27-3164] End of startup status: HIGH
refresh_hw_device [lindex [get_hw_devices xc7a35t_0] 0]
INFO: [Labtools 27-1434] Device xc7a35t (JTAG device index = 0) is programmed with a design that has no supported debug core(s) in it.
reset_run synth_1
launch_runs impl_1 -to_step write_bitstream -jobs 4
[Tue Mar 26 23:51:03 2019] Launched synth_1...
Run output will be captured here: C:/VIVADO_TESTS/jalonFinal_joliMot - vivado/jalonFinal_joliMot - vivado.runs/synth_1/runme.log
[Tue Mar 26 23:51:03 2019] Launched impl_1...
Run output will be captured here: C:/VIVADO_TESTS/jalonFinal_joliMot - vivado/jalonFinal_joliMot - vivado.runs/impl_1/runme.log
set_property PROBES.FILE {} [get_hw_devices xc7a35t_0]
set_property FULL_PROBES.FILE {} [get_hw_devices xc7a35t_0]
set_property PROGRAM.FILE {C:/VIVADO_TESTS/jalonFinal_joliMot - vivado/jalonFinal_joliMot - vivado.runs/impl_1/toplevel.bit} [get_hw_devices xc7a35t_0]
program_hw_devices [get_hw_devices xc7a35t_0]
INFO: [Labtools 27-3164] End of startup status: HIGH
refresh_hw_device [lindex [get_hw_devices xc7a35t_0] 0]
INFO: [Labtools 27-1434] Device xc7a35t (JTAG device index = 0) is programmed with a design that has no supported debug core(s) in it.
reset_run synth_1
launch_runs impl_1 -to_step write_bitstream -jobs 4
[Tue Mar 26 23:58:37 2019] Launched synth_1...
Run output will be captured here: C:/VIVADO_TESTS/jalonFinal_joliMot - vivado/jalonFinal_joliMot - vivado.runs/synth_1/runme.log
[Tue Mar 26 23:58:37 2019] Launched impl_1...
Run output will be captured here: C:/VIVADO_TESTS/jalonFinal_joliMot - vivado/jalonFinal_joliMot - vivado.runs/impl_1/runme.log
reset_run synth_1
launch_runs impl_1 -to_step write_bitstream -jobs 4
[Tue Mar 26 23:59:14 2019] Launched synth_1...
Run output will be captured here: C:/VIVADO_TESTS/jalonFinal_joliMot - vivado/jalonFinal_joliMot - vivado.runs/synth_1/runme.log
[Tue Mar 26 23:59:14 2019] Launched impl_1...
Run output will be captured here: C:/VIVADO_TESTS/jalonFinal_joliMot - vivado/jalonFinal_joliMot - vivado.runs/impl_1/runme.log
set_property PROBES.FILE {} [get_hw_devices xc7a35t_0]
set_property FULL_PROBES.FILE {} [get_hw_devices xc7a35t_0]
set_property PROGRAM.FILE {C:/VIVADO_TESTS/jalonFinal_joliMot - vivado/jalonFinal_joliMot - vivado.runs/impl_1/toplevel.bit} [get_hw_devices xc7a35t_0]
program_hw_devices [get_hw_devices xc7a35t_0]
INFO: [Labtools 27-3164] End of startup status: HIGH
refresh_hw_device [lindex [get_hw_devices xc7a35t_0] 0]
INFO: [Labtools 27-1434] Device xc7a35t (JTAG device index = 0) is programmed with a design that has no supported debug core(s) in it.
reset_run synth_1
launch_runs impl_1 -to_step write_bitstream -jobs 4
[Wed Mar 27 00:08:20 2019] Launched synth_1...
Run output will be captured here: C:/VIVADO_TESTS/jalonFinal_joliMot - vivado/jalonFinal_joliMot - vivado.runs/synth_1/runme.log
[Wed Mar 27 00:08:20 2019] Launched impl_1...
Run output will be captured here: C:/VIVADO_TESTS/jalonFinal_joliMot - vivado/jalonFinal_joliMot - vivado.runs/impl_1/runme.log
set_property PROBES.FILE {} [get_hw_devices xc7a35t_0]
set_property FULL_PROBES.FILE {} [get_hw_devices xc7a35t_0]
set_property PROGRAM.FILE {C:/VIVADO_TESTS/jalonFinal_joliMot - vivado/jalonFinal_joliMot - vivado.runs/impl_1/toplevel.bit} [get_hw_devices xc7a35t_0]
program_hw_devices [get_hw_devices xc7a35t_0]
INFO: [Labtools 27-3164] End of startup status: HIGH
refresh_hw_device [lindex [get_hw_devices xc7a35t_0] 0]
INFO: [Labtools 27-1434] Device xc7a35t (JTAG device index = 0) is programmed with a design that has no supported debug core(s) in it.
set_property PROBES.FILE {} [get_hw_devices xc7a35t_0]
set_property FULL_PROBES.FILE {} [get_hw_devices xc7a35t_0]
set_property PROGRAM.FILE {C:/VIVADO_TESTS/jalonFinal_joliMot - vivado/jalonFinal_joliMot - vivado.runs/impl_1/toplevel.bit} [get_hw_devices xc7a35t_0]
program_hw_devices [get_hw_devices xc7a35t_0]
INFO: [Labtools 27-3164] End of startup status: HIGH
refresh_hw_device [lindex [get_hw_devices xc7a35t_0] 0]
INFO: [Labtools 27-1434] Device xc7a35t (JTAG device index = 0) is programmed with a design that has no supported debug core(s) in it.
set_property PROBES.FILE {} [get_hw_devices xc7a35t_0]
set_property FULL_PROBES.FILE {} [get_hw_devices xc7a35t_0]
set_property PROGRAM.FILE {C:/VIVADO_TESTS/jalonFinal_joliMot - vivado/jalonFinal_joliMot - vivado.runs/impl_1/toplevel.bit} [get_hw_devices xc7a35t_0]
program_hw_devices [get_hw_devices xc7a35t_0]
INFO: [Labtools 27-3164] End of startup status: HIGH
refresh_hw_device [lindex [get_hw_devices xc7a35t_0] 0]
INFO: [Labtools 27-1434] Device xc7a35t (JTAG device index = 0) is programmed with a design that has no supported debug core(s) in it.
reset_run synth_1
launch_runs impl_1 -to_step write_bitstream -jobs 4
[Wed Mar 27 00:20:02 2019] Launched synth_1...
Run output will be captured here: C:/VIVADO_TESTS/jalonFinal_joliMot - vivado/jalonFinal_joliMot - vivado.runs/synth_1/runme.log
[Wed Mar 27 00:20:02 2019] Launched impl_1...
Run output will be captured here: C:/VIVADO_TESTS/jalonFinal_joliMot - vivado/jalonFinal_joliMot - vivado.runs/impl_1/runme.log
ERROR: [Labtoolstcl 44-513] HW Target shutdown. Closing target: localhost:3121/xilinx_tcf/Digilent/210183A4D89AA
INFO: [Labtoolstcl 44-466] Opening hw_target localhost:3121/xilinx_tcf/Digilent/210183A4D89AA
INFO: [Labtools 27-1435] Device xc7a35t (JTAG device index = 0) is not programmed (DONE status = 0).
WARNING: [Labtoolstcl 44-129] No matching hw_ila_data was found.
set_property PROBES.FILE {} [get_hw_devices xc7a35t_0]
set_property FULL_PROBES.FILE {} [get_hw_devices xc7a35t_0]
set_property PROGRAM.FILE {C:/VIVADO_TESTS/jalonFinal_joliMot - vivado/jalonFinal_joliMot - vivado.runs/impl_1/toplevel.bit} [get_hw_devices xc7a35t_0]
program_hw_devices [get_hw_devices xc7a35t_0]
INFO: [Labtools 27-3164] End of startup status: HIGH
refresh_hw_device [lindex [get_hw_devices xc7a35t_0] 0]
INFO: [Labtools 27-1434] Device xc7a35t (JTAG device index = 0) is programmed with a design that has no supported debug core(s) in it.
set_property PROBES.FILE {} [get_hw_devices xc7a35t_0]
set_property FULL_PROBES.FILE {} [get_hw_devices xc7a35t_0]
set_property PROGRAM.FILE {C:/VIVADO_TESTS/jalonFinal_joliMot - vivado/jalonFinal_joliMot - vivado.runs/impl_1/toplevel.bit} [get_hw_devices xc7a35t_0]
program_hw_devices [get_hw_devices xc7a35t_0]
INFO: [Labtools 27-3164] End of startup status: HIGH
refresh_hw_device [lindex [get_hw_devices xc7a35t_0] 0]
INFO: [Labtools 27-1434] Device xc7a35t (JTAG device index = 0) is programmed with a design that has no supported debug core(s) in it.
reset_run synth_1
launch_runs impl_1 -to_step write_bitstream -jobs 4
[Wed Mar 27 00:29:54 2019] Launched synth_1...
Run output will be captured here: C:/VIVADO_TESTS/jalonFinal_joliMot - vivado/jalonFinal_joliMot - vivado.runs/synth_1/runme.log
[Wed Mar 27 00:29:54 2019] Launched impl_1...
Run output will be captured here: C:/VIVADO_TESTS/jalonFinal_joliMot - vivado/jalonFinal_joliMot - vivado.runs/impl_1/runme.log
set_property PROBES.FILE {} [get_hw_devices xc7a35t_0]
set_property FULL_PROBES.FILE {} [get_hw_devices xc7a35t_0]
set_property PROGRAM.FILE {C:/VIVADO_TESTS/jalonFinal_joliMot - vivado/jalonFinal_joliMot - vivado.runs/impl_1/toplevel.bit} [get_hw_devices xc7a35t_0]
program_hw_devices [get_hw_devices xc7a35t_0]
INFO: [Labtools 27-3164] End of startup status: HIGH
refresh_hw_device [lindex [get_hw_devices xc7a35t_0] 0]
INFO: [Labtools 27-1434] Device xc7a35t (JTAG device index = 0) is programmed with a design that has no supported debug core(s) in it.
set_property PROBES.FILE {} [get_hw_devices xc7a35t_0]
set_property FULL_PROBES.FILE {} [get_hw_devices xc7a35t_0]
set_property PROGRAM.FILE {C:/VIVADO_TESTS/jalonFinal_joliMot - vivado/jalonFinal_joliMot - vivado.runs/impl_1/toplevel.bit} [get_hw_devices xc7a35t_0]
program_hw_devices [get_hw_devices xc7a35t_0]
INFO: [Labtools 27-3164] End of startup status: HIGH
refresh_hw_device [lindex [get_hw_devices xc7a35t_0] 0]
INFO: [Labtools 27-1434] Device xc7a35t (JTAG device index = 0) is programmed with a design that has no supported debug core(s) in it.
update_compile_order -fileset sources_1
reset_run synth_1
launch_runs impl_1 -to_step write_bitstream -jobs 4
[Wed Mar 27 00:40:33 2019] Launched synth_1...
Run output will be captured here: C:/VIVADO_TESTS/jalonFinal_joliMot - vivado/jalonFinal_joliMot - vivado.runs/synth_1/runme.log
[Wed Mar 27 00:40:34 2019] Launched impl_1...
Run output will be captured here: C:/VIVADO_TESTS/jalonFinal_joliMot - vivado/jalonFinal_joliMot - vivado.runs/impl_1/runme.log
set_property PROBES.FILE {} [get_hw_devices xc7a35t_0]
set_property FULL_PROBES.FILE {} [get_hw_devices xc7a35t_0]
set_property PROGRAM.FILE {C:/VIVADO_TESTS/jalonFinal_joliMot - vivado/jalonFinal_joliMot - vivado.runs/impl_1/toplevel.bit} [get_hw_devices xc7a35t_0]
program_hw_devices [get_hw_devices xc7a35t_0]
INFO: [Labtools 27-3164] End of startup status: HIGH
refresh_hw_device [lindex [get_hw_devices xc7a35t_0] 0]
INFO: [Labtools 27-1434] Device xc7a35t (JTAG device index = 0) is programmed with a design that has no supported debug core(s) in it.
set_property PROBES.FILE {} [get_hw_devices xc7a35t_0]
set_property FULL_PROBES.FILE {} [get_hw_devices xc7a35t_0]
set_property PROGRAM.FILE {C:/VIVADO_TESTS/jalonFinal_joliMot - vivado/jalonFinal_joliMot - vivado.runs/impl_1/toplevel.bit} [get_hw_devices xc7a35t_0]
program_hw_devices [get_hw_devices xc7a35t_0]
INFO: [Labtools 27-3164] End of startup status: HIGH
refresh_hw_device [lindex [get_hw_devices xc7a35t_0] 0]
INFO: [Labtools 27-1434] Device xc7a35t (JTAG device index = 0) is programmed with a design that has no supported debug core(s) in it.
reset_run synth_1
launch_runs impl_1 -to_step write_bitstream -jobs 4
[Wed Mar 27 00:52:51 2019] Launched synth_1...
Run output will be captured here: C:/VIVADO_TESTS/jalonFinal_joliMot - vivado/jalonFinal_joliMot - vivado.runs/synth_1/runme.log
[Wed Mar 27 00:52:51 2019] Launched impl_1...
Run output will be captured here: C:/VIVADO_TESTS/jalonFinal_joliMot - vivado/jalonFinal_joliMot - vivado.runs/impl_1/runme.log
set_property PROBES.FILE {} [get_hw_devices xc7a35t_0]
set_property FULL_PROBES.FILE {} [get_hw_devices xc7a35t_0]
set_property PROGRAM.FILE {C:/VIVADO_TESTS/jalonFinal_joliMot - vivado/jalonFinal_joliMot - vivado.runs/impl_1/toplevel.bit} [get_hw_devices xc7a35t_0]
program_hw_devices [get_hw_devices xc7a35t_0]
INFO: [Labtools 27-3164] End of startup status: HIGH
refresh_hw_device [lindex [get_hw_devices xc7a35t_0] 0]
INFO: [Labtools 27-1434] Device xc7a35t (JTAG device index = 0) is programmed with a design that has no supported debug core(s) in it.
set_property PROBES.FILE {} [get_hw_devices xc7a35t_0]
set_property FULL_PROBES.FILE {} [get_hw_devices xc7a35t_0]
set_property PROGRAM.FILE {C:/VIVADO_TESTS/jalonFinal_joliMot - vivado/jalonFinal_joliMot - vivado.runs/impl_1/toplevel.bit} [get_hw_devices xc7a35t_0]
program_hw_devices [get_hw_devices xc7a35t_0]
INFO: [Labtools 27-3164] End of startup status: HIGH
refresh_hw_device [lindex [get_hw_devices xc7a35t_0] 0]
INFO: [Labtools 27-1434] Device xc7a35t (JTAG device index = 0) is programmed with a design that has no supported debug core(s) in it.
set_property PROBES.FILE {} [get_hw_devices xc7a35t_0]
set_property FULL_PROBES.FILE {} [get_hw_devices xc7a35t_0]
set_property PROGRAM.FILE {C:/VIVADO_TESTS/jalonFinal_joliMot - vivado/jalonFinal_joliMot - vivado.runs/impl_1/toplevel.bit} [get_hw_devices xc7a35t_0]
program_hw_devices [get_hw_devices xc7a35t_0]
INFO: [Labtools 27-3164] End of startup status: HIGH
refresh_hw_device [lindex [get_hw_devices xc7a35t_0] 0]
INFO: [Labtools 27-1434] Device xc7a35t (JTAG device index = 0) is programmed with a design that has no supported debug core(s) in it.
set_property PROBES.FILE {} [get_hw_devices xc7a35t_0]
set_property FULL_PROBES.FILE {} [get_hw_devices xc7a35t_0]
set_property PROGRAM.FILE {C:/VIVADO_TESTS/jalonFinal_joliMot - vivado/jalonFinal_joliMot - vivado.runs/impl_1/toplevel.bit} [get_hw_devices xc7a35t_0]
program_hw_devices [get_hw_devices xc7a35t_0]
INFO: [Labtools 27-3164] End of startup status: HIGH
refresh_hw_device [lindex [get_hw_devices xc7a35t_0] 0]
INFO: [Labtools 27-1434] Device xc7a35t (JTAG device index = 0) is programmed with a design that has no supported debug core(s) in it.
set_property PROBES.FILE {} [get_hw_devices xc7a35t_0]
set_property FULL_PROBES.FILE {} [get_hw_devices xc7a35t_0]
set_property PROGRAM.FILE {C:/VIVADO_TESTS/jalonFinal_joliMot - vivado/jalonFinal_joliMot - vivado.runs/impl_1/toplevel.bit} [get_hw_devices xc7a35t_0]
program_hw_devices [get_hw_devices xc7a35t_0]
INFO: [Labtools 27-3164] End of startup status: HIGH
refresh_hw_device [lindex [get_hw_devices xc7a35t_0] 0]
INFO: [Labtools 27-1434] Device xc7a35t (JTAG device index = 0) is programmed with a design that has no supported debug core(s) in it.
ERROR: [Labtoolstcl 44-513] HW Target shutdown. Closing target: localhost:3121/xilinx_tcf/Digilent/210183A4D89AA
INFO: [Labtoolstcl 44-466] Opening hw_target localhost:3121/xilinx_tcf/Digilent/210183A4D89AA
INFO: [Labtools 27-1435] Device xc7a35t (JTAG device index = 0) is not programmed (DONE status = 0).
WARNING: [Labtoolstcl 44-129] No matching hw_ila_data was found.
set_property PROBES.FILE {} [get_hw_devices xc7a35t_0]
set_property FULL_PROBES.FILE {} [get_hw_devices xc7a35t_0]
set_property PROGRAM.FILE {C:/VIVADO_TESTS/jalonFinal_joliMot - vivado/jalonFinal_joliMot - vivado.runs/impl_1/toplevel.bit} [get_hw_devices xc7a35t_0]
program_hw_devices [get_hw_devices xc7a35t_0]
INFO: [Labtools 27-3164] End of startup status: HIGH
refresh_hw_device [lindex [get_hw_devices xc7a35t_0] 0]
INFO: [Labtools 27-1434] Device xc7a35t (JTAG device index = 0) is programmed with a design that has no supported debug core(s) in it.
set_property PROBES.FILE {} [get_hw_devices xc7a35t_0]
set_property FULL_PROBES.FILE {} [get_hw_devices xc7a35t_0]
set_property PROGRAM.FILE {C:/VIVADO_TESTS/jalonFinal_joliMot - vivado/jalonFinal_joliMot - vivado.runs/impl_1/toplevel.bit} [get_hw_devices xc7a35t_0]
program_hw_devices [get_hw_devices xc7a35t_0]
INFO: [Labtools 27-3164] End of startup status: HIGH
refresh_hw_device [lindex [get_hw_devices xc7a35t_0] 0]
INFO: [Labtools 27-1434] Device xc7a35t (JTAG device index = 0) is programmed with a design that has no supported debug core(s) in it.
set_property PROBES.FILE {} [get_hw_devices xc7a35t_0]
set_property FULL_PROBES.FILE {} [get_hw_devices xc7a35t_0]
set_property PROGRAM.FILE {C:/VIVADO_TESTS/jalonFinal_joliMot - vivado/jalonFinal_joliMot - vivado.runs/impl_1/toplevel.bit} [get_hw_devices xc7a35t_0]
program_hw_devices [get_hw_devices xc7a35t_0]
INFO: [Labtools 27-3164] End of startup status: HIGH
refresh_hw_device [lindex [get_hw_devices xc7a35t_0] 0]
INFO: [Labtools 27-1434] Device xc7a35t (JTAG device index = 0) is programmed with a design that has no supported debug core(s) in it.
set_property PROBES.FILE {} [get_hw_devices xc7a35t_0]
set_property FULL_PROBES.FILE {} [get_hw_devices xc7a35t_0]
set_property PROGRAM.FILE {C:/VIVADO_TESTS/jalonFinal_joliMot - vivado/jalonFinal_joliMot - vivado.runs/impl_1/toplevel.bit} [get_hw_devices xc7a35t_0]
program_hw_devices [get_hw_devices xc7a35t_0]
INFO: [Labtools 27-3164] End of startup status: HIGH
refresh_hw_device [lindex [get_hw_devices xc7a35t_0] 0]
INFO: [Labtools 27-1434] Device xc7a35t (JTAG device index = 0) is programmed with a design that has no supported debug core(s) in it.
ERROR: [Labtoolstcl 44-513] HW Target shutdown. Closing target: localhost:3121/xilinx_tcf/Digilent/210183A4D89AA
disconnect_hw_server localhost:3121
connect_hw_server
INFO: [Labtools 27-2285] Connecting to hw_server url TCP:localhost:3121
ERROR: [Labtoolstcl 44-494] There is no active target available for server at localhost.
 Targets(s) ", jsn-Basys3-210183A4D89AA" may be locked by another hw_server.
disconnect_hw_server localhost:3121
connect_hw_server
INFO: [Labtools 27-2285] Connecting to hw_server url TCP:localhost:3121
open_hw_target
INFO: [Labtoolstcl 44-466] Opening hw_target localhost:3121/xilinx_tcf/Digilent/210183A4D89AA
set_property PROGRAM.FILE {C:/VIVADO_TESTS/jalonFinal_joliMot - vivado/jalonFinal_joliMot - vivado.runs/impl_1/toplevel.bit} [get_hw_devices xc7a35t_0]
current_hw_device [get_hw_devices xc7a35t_0]
refresh_hw_device -update_hw_probes false [lindex [get_hw_devices xc7a35t_0] 0]
INFO: [Labtools 27-1435] Device xc7a35t (JTAG device index = 0) is not programmed (DONE status = 0).
set_property PROBES.FILE {} [get_hw_devices xc7a35t_0]
set_property FULL_PROBES.FILE {} [get_hw_devices xc7a35t_0]
set_property PROGRAM.FILE {C:/VIVADO_TESTS/jalonFinal_joliMot - vivado/jalonFinal_joliMot - vivado.runs/impl_1/toplevel.bit} [get_hw_devices xc7a35t_0]
program_hw_devices [get_hw_devices xc7a35t_0]
INFO: [Labtools 27-3164] End of startup status: HIGH
refresh_hw_device [lindex [get_hw_devices xc7a35t_0] 0]
INFO: [Labtools 27-1434] Device xc7a35t (JTAG device index = 0) is programmed with a design that has no supported debug core(s) in it.
set_property PROBES.FILE {} [get_hw_devices xc7a35t_0]
set_property FULL_PROBES.FILE {} [get_hw_devices xc7a35t_0]
set_property PROGRAM.FILE {C:/VIVADO_TESTS/jalonFinal_joliMot - vivado/jalonFinal_joliMot - vivado.runs/impl_1/toplevel.bit} [get_hw_devices xc7a35t_0]
program_hw_devices [get_hw_devices xc7a35t_0]
INFO: [Labtools 27-3164] End of startup status: HIGH
refresh_hw_device [lindex [get_hw_devices xc7a35t_0] 0]
INFO: [Labtools 27-1434] Device xc7a35t (JTAG device index = 0) is programmed with a design that has no supported debug core(s) in it.
set_property PROBES.FILE {} [get_hw_devices xc7a35t_0]
set_property FULL_PROBES.FILE {} [get_hw_devices xc7a35t_0]
set_property PROGRAM.FILE {C:/VIVADO_TESTS/jalonFinal_joliMot - vivado/jalonFinal_joliMot - vivado.runs/impl_1/toplevel.bit} [get_hw_devices xc7a35t_0]
program_hw_devices [get_hw_devices xc7a35t_0]
INFO: [Labtools 27-3164] End of startup status: HIGH
refresh_hw_device [lindex [get_hw_devices xc7a35t_0] 0]
INFO: [Labtools 27-1434] Device xc7a35t (JTAG device index = 0) is programmed with a design that has no supported debug core(s) in it.
set_property PROBES.FILE {} [get_hw_devices xc7a35t_0]
set_property FULL_PROBES.FILE {} [get_hw_devices xc7a35t_0]
set_property PROGRAM.FILE {C:/VIVADO_TESTS/jalonFinal_joliMot - vivado/jalonFinal_joliMot - vivado.runs/impl_1/toplevel.bit} [get_hw_devices xc7a35t_0]
program_hw_devices [get_hw_devices xc7a35t_0]
INFO: [Labtools 27-3164] End of startup status: HIGH
refresh_hw_device [lindex [get_hw_devices xc7a35t_0] 0]
INFO: [Labtools 27-1434] Device xc7a35t (JTAG device index = 0) is programmed with a design that has no supported debug core(s) in it.
set_property PROBES.FILE {} [get_hw_devices xc7a35t_0]
set_property FULL_PROBES.FILE {} [get_hw_devices xc7a35t_0]
set_property PROGRAM.FILE {C:/VIVADO_TESTS/jalonFinal_joliMot - vivado/jalonFinal_joliMot - vivado.runs/impl_1/toplevel.bit} [get_hw_devices xc7a35t_0]
program_hw_devices [get_hw_devices xc7a35t_0]
INFO: [Labtools 27-3164] End of startup status: HIGH
refresh_hw_device [lindex [get_hw_devices xc7a35t_0] 0]
INFO: [Labtools 27-1434] Device xc7a35t (JTAG device index = 0) is programmed with a design that has no supported debug core(s) in it.
set_property PROBES.FILE {} [get_hw_devices xc7a35t_0]
set_property FULL_PROBES.FILE {} [get_hw_devices xc7a35t_0]
set_property PROGRAM.FILE {C:/VIVADO_TESTS/jalonFinal_joliMot - vivado/jalonFinal_joliMot - vivado.runs/impl_1/toplevel.bit} [get_hw_devices xc7a35t_0]
program_hw_devices [get_hw_devices xc7a35t_0]
INFO: [Labtools 27-3164] End of startup status: HIGH
refresh_hw_device [lindex [get_hw_devices xc7a35t_0] 0]
INFO: [Labtools 27-1434] Device xc7a35t (JTAG device index = 0) is programmed with a design that has no supported debug core(s) in it.
set_property PROBES.FILE {} [get_hw_devices xc7a35t_0]
set_property FULL_PROBES.FILE {} [get_hw_devices xc7a35t_0]
set_property PROGRAM.FILE {C:/VIVADO_TESTS/jalonFinal_joliMot - vivado/jalonFinal_joliMot - vivado.runs/impl_1/toplevel.bit} [get_hw_devices xc7a35t_0]
program_hw_devices [get_hw_devices xc7a35t_0]
INFO: [Labtools 27-3164] End of startup status: HIGH
refresh_hw_device [lindex [get_hw_devices xc7a35t_0] 0]
INFO: [Labtools 27-1434] Device xc7a35t (JTAG device index = 0) is programmed with a design that has no supported debug core(s) in it.
set_property PROBES.FILE {} [get_hw_devices xc7a35t_0]
set_property FULL_PROBES.FILE {} [get_hw_devices xc7a35t_0]
set_property PROGRAM.FILE {C:/VIVADO_TESTS/jalonFinal_joliMot - vivado/jalonFinal_joliMot - vivado.runs/impl_1/toplevel.bit} [get_hw_devices xc7a35t_0]
program_hw_devices [get_hw_devices xc7a35t_0]
INFO: [Labtools 27-3164] End of startup status: HIGH
refresh_hw_device [lindex [get_hw_devices xc7a35t_0] 0]
INFO: [Labtools 27-1434] Device xc7a35t (JTAG device index = 0) is programmed with a design that has no supported debug core(s) in it.
set_property PROBES.FILE {} [get_hw_devices xc7a35t_0]
set_property FULL_PROBES.FILE {} [get_hw_devices xc7a35t_0]
set_property PROGRAM.FILE {C:/VIVADO_TESTS/jalonFinal_joliMot - vivado/jalonFinal_joliMot - vivado.runs/impl_1/toplevel.bit} [get_hw_devices xc7a35t_0]
program_hw_devices [get_hw_devices xc7a35t_0]
INFO: [Labtools 27-3164] End of startup status: HIGH
refresh_hw_device [lindex [get_hw_devices xc7a35t_0] 0]
INFO: [Labtools 27-1434] Device xc7a35t (JTAG device index = 0) is programmed with a design that has no supported debug core(s) in it.
set_property PROBES.FILE {} [get_hw_devices xc7a35t_0]
set_property FULL_PROBES.FILE {} [get_hw_devices xc7a35t_0]
set_property PROGRAM.FILE {C:/VIVADO_TESTS/jalonFinal_joliMot - vivado/jalonFinal_joliMot - vivado.runs/impl_1/toplevel.bit} [get_hw_devices xc7a35t_0]
program_hw_devices [get_hw_devices xc7a35t_0]
INFO: [Labtools 27-3164] End of startup status: HIGH
refresh_hw_device [lindex [get_hw_devices xc7a35t_0] 0]
INFO: [Labtools 27-1434] Device xc7a35t (JTAG device index = 0) is programmed with a design that has no supported debug core(s) in it.
exit
INFO: [Common 17-206] Exiting Vivado at Wed Mar 27 01:40:36 2019...
