#-----------------------------------------------------------
# Vivado v2018.3 (64-bit)
# SW Build 2405991 on Thu Dec  6 23:38:27 MST 2018
# IP Build 2404404 on Fri Dec  7 01:43:56 MST 2018
# Start of session at: Tue Mar 26 12:32:31 2019
# Process ID: 11844
# Current directory: D:/Documents/fac/M1/_semestre2/projet conception/jalonFinal_joliMot - vivado
# Command line: vivado.exe -gui_launcher_event rodinguilauncherevent11644 D:\Documents\fac\M1\_semestre2\projet conception\jalonFinal_joliMot - vivado\jalonFinal_joliMot - vivado.xpr
# Log file: D:/Documents/fac/M1/_semestre2/projet conception/jalonFinal_joliMot - vivado/vivado.log
# Journal file: D:/Documents/fac/M1/_semestre2/projet conception/jalonFinal_joliMot - vivado\vivado.jou
#-----------------------------------------------------------
start_gui
open_project {D:/Documents/fac/M1/_semestre2/projet conception/jalonFinal_joliMot - vivado/jalonFinal_joliMot - vivado.xpr}
CRITICAL WARNING: [Project 1-19] Could not find the file 'D:/Documents/fac/M1/_semestre2/projet conception/jalonFinal_joliMot - vivado/jalonFinal_joliMot - vivado.srcs/sources_1/imports/Téléchargements/test_reception.vhd'.
Scanning sources...
Finished scanning sources
INFO: [IP_Flow 19-234] Refreshing IP repositories
INFO: [IP_Flow 19-1704] No user IP repositories specified
INFO: [IP_Flow 19-2313] Loaded Vivado IP repository 'C:/Xilinx/Vivado/2018.3/data/ip'.
open_project: Time (s): cpu = 00:00:19 ; elapsed = 00:00:11 . Memory (MB): peak = 658.438 ; gain = 101.852
update_compile_order -fileset sources_1
open_hw
connect_hw_server
INFO: [Labtools 27-2285] Connecting to hw_server url TCP:localhost:3121
INFO: [Labtools 27-2222] Launching hw_server...
INFO: [Labtools 27-2221] Launch Output:

****** Xilinx hw_server v2018.3
  **** Build date : Dec  7 2018-00:40:27
    ** Copyright 1986-2018 Xilinx, Inc. All Rights Reserved.


open_hw_target
INFO: [Labtoolstcl 44-466] Opening hw_target localhost:3121/xilinx_tcf/Digilent/210183A4D8A7A
set_property PROGRAM.FILE {D:/Documents/fac/M1/_semestre2/projet conception/jalonFinal_joliMot - vivado/jalonFinal_joliMot - vivado.runs/impl_1/toplevel.bit} [get_hw_devices xc7a35t_0]
current_hw_device [get_hw_devices xc7a35t_0]
refresh_hw_device -update_hw_probes false [lindex [get_hw_devices xc7a35t_0] 0]
INFO: [Labtools 27-1435] Device xc7a35t (JTAG device index = 0) is not programmed (DONE status = 0).
set_property PROBES.FILE {} [get_hw_devices xc7a35t_0]
set_property FULL_PROBES.FILE {} [get_hw_devices xc7a35t_0]
set_property PROGRAM.FILE {D:/Documents/fac/M1/_semestre2/projet conception/jalonFinal_joliMot - vivado/jalonFinal_joliMot - vivado.runs/impl_1/toplevel.bit} [get_hw_devices xc7a35t_0]
program_hw_devices [get_hw_devices xc7a35t_0]
INFO: [Labtools 27-3164] End of startup status: HIGH
refresh_hw_device [lindex [get_hw_devices xc7a35t_0] 0]
INFO: [Labtools 27-1434] Device xc7a35t (JTAG device index = 0) is programmed with a design that has no supported debug core(s) in it.
reset_run synth_1
launch_runs impl_1 -to_step write_bitstream -jobs 2
[Tue Mar 26 12:53:03 2019] Launched synth_1...
Run output will be captured here: D:/Documents/fac/M1/_semestre2/projet conception/jalonFinal_joliMot - vivado/jalonFinal_joliMot - vivado.runs/synth_1/runme.log
[Tue Mar 26 12:53:03 2019] Launched impl_1...
Run output will be captured here: D:/Documents/fac/M1/_semestre2/projet conception/jalonFinal_joliMot - vivado/jalonFinal_joliMot - vivado.runs/impl_1/runme.log
set_property PROBES.FILE {} [get_hw_devices xc7a35t_0]
set_property FULL_PROBES.FILE {} [get_hw_devices xc7a35t_0]
set_property PROGRAM.FILE {D:/Documents/fac/M1/_semestre2/projet conception/jalonFinal_joliMot - vivado/jalonFinal_joliMot - vivado.runs/impl_1/toplevel.bit} [get_hw_devices xc7a35t_0]
program_hw_devices [get_hw_devices xc7a35t_0]
INFO: [Labtools 27-3164] End of startup status: HIGH
refresh_hw_device [lindex [get_hw_devices xc7a35t_0] 0]
INFO: [Labtools 27-1434] Device xc7a35t (JTAG device index = 0) is programmed with a design that has no supported debug core(s) in it.
set_property PROBES.FILE {} [get_hw_devices xc7a35t_0]
set_property FULL_PROBES.FILE {} [get_hw_devices xc7a35t_0]
set_property PROGRAM.FILE {D:/Documents/fac/M1/_semestre2/projet conception/jalonFinal_joliMot - vivado/jalonFinal_joliMot - vivado.runs/impl_1/toplevel.bit} [get_hw_devices xc7a35t_0]
program_hw_devices [get_hw_devices xc7a35t_0]
INFO: [Labtools 27-3164] End of startup status: HIGH
refresh_hw_device [lindex [get_hw_devices xc7a35t_0] 0]
INFO: [Labtools 27-1434] Device xc7a35t (JTAG device index = 0) is programmed with a design that has no supported debug core(s) in it.
update_compile_order -fileset sources_1
reset_run synth_1
launch_runs impl_1 -to_step write_bitstream -jobs 4
[Tue Mar 26 13:02:18 2019] Launched synth_1...
Run output will be captured here: D:/Documents/fac/M1/_semestre2/projet conception/jalonFinal_joliMot - vivado/jalonFinal_joliMot - vivado.runs/synth_1/runme.log
[Tue Mar 26 13:02:18 2019] Launched impl_1...
Run output will be captured here: D:/Documents/fac/M1/_semestre2/projet conception/jalonFinal_joliMot - vivado/jalonFinal_joliMot - vivado.runs/impl_1/runme.log
set_property PROBES.FILE {} [get_hw_devices xc7a35t_0]
set_property FULL_PROBES.FILE {} [get_hw_devices xc7a35t_0]
set_property PROGRAM.FILE {D:/Documents/fac/M1/_semestre2/projet conception/jalonFinal_joliMot - vivado/jalonFinal_joliMot - vivado.runs/impl_1/toplevel.bit} [get_hw_devices xc7a35t_0]
program_hw_devices [get_hw_devices xc7a35t_0]
INFO: [Labtools 27-3164] End of startup status: HIGH
refresh_hw_device [lindex [get_hw_devices xc7a35t_0] 0]
INFO: [Labtools 27-1434] Device xc7a35t (JTAG device index = 0) is programmed with a design that has no supported debug core(s) in it.
update_compile_order -fileset sources_1
update_compile_order -fileset sources_1
reset_run synth_1
launch_runs impl_1 -to_step write_bitstream -jobs 4
[Tue Mar 26 13:13:14 2019] Launched synth_1...
Run output will be captured here: D:/Documents/fac/M1/_semestre2/projet conception/jalonFinal_joliMot - vivado/jalonFinal_joliMot - vivado.runs/synth_1/runme.log
[Tue Mar 26 13:13:14 2019] Launched impl_1...
Run output will be captured here: D:/Documents/fac/M1/_semestre2/projet conception/jalonFinal_joliMot - vivado/jalonFinal_joliMot - vivado.runs/impl_1/runme.log
set_property PROBES.FILE {} [get_hw_devices xc7a35t_0]
set_property FULL_PROBES.FILE {} [get_hw_devices xc7a35t_0]
set_property PROGRAM.FILE {D:/Documents/fac/M1/_semestre2/projet conception/jalonFinal_joliMot - vivado/jalonFinal_joliMot - vivado.runs/impl_1/toplevel.bit} [get_hw_devices xc7a35t_0]
program_hw_devices [get_hw_devices xc7a35t_0]
INFO: [Labtools 27-3164] End of startup status: HIGH
refresh_hw_device [lindex [get_hw_devices xc7a35t_0] 0]
INFO: [Labtools 27-1434] Device xc7a35t (JTAG device index = 0) is programmed with a design that has no supported debug core(s) in it.
set_property PROBES.FILE {} [get_hw_devices xc7a35t_0]
set_property FULL_PROBES.FILE {} [get_hw_devices xc7a35t_0]
set_property PROGRAM.FILE {D:/Documents/fac/M1/_semestre2/projet conception/jalonFinal_joliMot - vivado/jalonFinal_joliMot - vivado.runs/impl_1/toplevel.bit} [get_hw_devices xc7a35t_0]
program_hw_devices [get_hw_devices xc7a35t_0]
INFO: [Labtools 27-3164] End of startup status: HIGH
refresh_hw_device [lindex [get_hw_devices xc7a35t_0] 0]
INFO: [Labtools 27-1434] Device xc7a35t (JTAG device index = 0) is programmed with a design that has no supported debug core(s) in it.
reset_run synth_1
launch_runs impl_1 -jobs 4
[Tue Mar 26 13:20:57 2019] Launched synth_1...
Run output will be captured here: D:/Documents/fac/M1/_semestre2/projet conception/jalonFinal_joliMot - vivado/jalonFinal_joliMot - vivado.runs/synth_1/runme.log
[Tue Mar 26 13:20:57 2019] Launched impl_1...
Run output will be captured here: D:/Documents/fac/M1/_semestre2/projet conception/jalonFinal_joliMot - vivado/jalonFinal_joliMot - vivado.runs/impl_1/runme.log
launch_runs impl_1 -to_step write_bitstream -jobs 4
[Tue Mar 26 13:23:09 2019] Launched impl_1...
Run output will be captured here: D:/Documents/fac/M1/_semestre2/projet conception/jalonFinal_joliMot - vivado/jalonFinal_joliMot - vivado.runs/impl_1/runme.log
set_property PROBES.FILE {} [get_hw_devices xc7a35t_0]
set_property FULL_PROBES.FILE {} [get_hw_devices xc7a35t_0]
set_property PROGRAM.FILE {D:/Documents/fac/M1/_semestre2/projet conception/jalonFinal_joliMot - vivado/jalonFinal_joliMot - vivado.runs/impl_1/toplevel.bit} [get_hw_devices xc7a35t_0]
program_hw_devices [get_hw_devices xc7a35t_0]
INFO: [Labtools 27-3164] End of startup status: HIGH
refresh_hw_device [lindex [get_hw_devices xc7a35t_0] 0]
INFO: [Labtools 27-1434] Device xc7a35t (JTAG device index = 0) is programmed with a design that has no supported debug core(s) in it.
reset_run synth_1
launch_runs impl_1 -to_step write_bitstream -jobs 4
[Tue Mar 26 13:30:50 2019] Launched synth_1...
Run output will be captured here: D:/Documents/fac/M1/_semestre2/projet conception/jalonFinal_joliMot - vivado/jalonFinal_joliMot - vivado.runs/synth_1/runme.log
[Tue Mar 26 13:30:50 2019] Launched impl_1...
Run output will be captured here: D:/Documents/fac/M1/_semestre2/projet conception/jalonFinal_joliMot - vivado/jalonFinal_joliMot - vivado.runs/impl_1/runme.log
reset_run impl_1
reset_run synth_1
launch_runs impl_1 -to_step write_bitstream -jobs 4
[Tue Mar 26 13:33:54 2019] Launched synth_1...
Run output will be captured here: D:/Documents/fac/M1/_semestre2/projet conception/jalonFinal_joliMot - vivado/jalonFinal_joliMot - vivado.runs/synth_1/runme.log
[Tue Mar 26 13:33:54 2019] Launched impl_1...
Run output will be captured here: D:/Documents/fac/M1/_semestre2/projet conception/jalonFinal_joliMot - vivado/jalonFinal_joliMot - vivado.runs/impl_1/runme.log
set_property PROBES.FILE {} [get_hw_devices xc7a35t_0]
set_property FULL_PROBES.FILE {} [get_hw_devices xc7a35t_0]
set_property PROGRAM.FILE {D:/Documents/fac/M1/_semestre2/projet conception/jalonFinal_joliMot - vivado/jalonFinal_joliMot - vivado.runs/impl_1/toplevel.bit} [get_hw_devices xc7a35t_0]
program_hw_devices [get_hw_devices xc7a35t_0]
INFO: [Labtools 27-3164] End of startup status: HIGH
refresh_hw_device [lindex [get_hw_devices xc7a35t_0] 0]
INFO: [Labtools 27-1434] Device xc7a35t (JTAG device index = 0) is programmed with a design that has no supported debug core(s) in it.
update_compile_order -fileset sources_1
set_property PROBES.FILE {} [get_hw_devices xc7a35t_0]
set_property FULL_PROBES.FILE {} [get_hw_devices xc7a35t_0]
set_property PROGRAM.FILE {D:/Documents/fac/M1/_semestre2/projet conception/jalonFinal_joliMot - vivado/jalonFinal_joliMot - vivado.runs/impl_1/toplevel.bit} [get_hw_devices xc7a35t_0]
program_hw_devices [get_hw_devices xc7a35t_0]
INFO: [Labtools 27-3164] End of startup status: HIGH
refresh_hw_device [lindex [get_hw_devices xc7a35t_0] 0]
INFO: [Labtools 27-1434] Device xc7a35t (JTAG device index = 0) is programmed with a design that has no supported debug core(s) in it.
reset_run synth_1
launch_runs impl_1 -to_step write_bitstream -jobs 4
[Tue Mar 26 13:39:03 2019] Launched synth_1...
Run output will be captured here: D:/Documents/fac/M1/_semestre2/projet conception/jalonFinal_joliMot - vivado/jalonFinal_joliMot - vivado.runs/synth_1/runme.log
[Tue Mar 26 13:39:03 2019] Launched impl_1...
Run output will be captured here: D:/Documents/fac/M1/_semestre2/projet conception/jalonFinal_joliMot - vivado/jalonFinal_joliMot - vivado.runs/impl_1/runme.log
set_property PROBES.FILE {} [get_hw_devices xc7a35t_0]
set_property FULL_PROBES.FILE {} [get_hw_devices xc7a35t_0]
set_property PROGRAM.FILE {D:/Documents/fac/M1/_semestre2/projet conception/jalonFinal_joliMot - vivado/jalonFinal_joliMot - vivado.runs/impl_1/toplevel.bit} [get_hw_devices xc7a35t_0]
program_hw_devices [get_hw_devices xc7a35t_0]
INFO: [Labtools 27-3164] End of startup status: HIGH
refresh_hw_device [lindex [get_hw_devices xc7a35t_0] 0]
INFO: [Labtools 27-1434] Device xc7a35t (JTAG device index = 0) is programmed with a design that has no supported debug core(s) in it.
reset_run synth_1
launch_runs impl_1 -to_step write_bitstream -jobs 4
[Tue Mar 26 13:43:33 2019] Launched synth_1...
Run output will be captured here: D:/Documents/fac/M1/_semestre2/projet conception/jalonFinal_joliMot - vivado/jalonFinal_joliMot - vivado.runs/synth_1/runme.log
[Tue Mar 26 13:43:33 2019] Launched impl_1...
Run output will be captured here: D:/Documents/fac/M1/_semestre2/projet conception/jalonFinal_joliMot - vivado/jalonFinal_joliMot - vivado.runs/impl_1/runme.log
set_property PROBES.FILE {} [get_hw_devices xc7a35t_0]
set_property FULL_PROBES.FILE {} [get_hw_devices xc7a35t_0]
set_property PROGRAM.FILE {D:/Documents/fac/M1/_semestre2/projet conception/jalonFinal_joliMot - vivado/jalonFinal_joliMot - vivado.runs/impl_1/toplevel.bit} [get_hw_devices xc7a35t_0]
program_hw_devices [get_hw_devices xc7a35t_0]
INFO: [Labtools 27-3164] End of startup status: HIGH
refresh_hw_device [lindex [get_hw_devices xc7a35t_0] 0]
INFO: [Labtools 27-1434] Device xc7a35t (JTAG device index = 0) is programmed with a design that has no supported debug core(s) in it.
reset_run synth_1
launch_runs impl_1 -to_step write_bitstream -jobs 4
[Tue Mar 26 13:48:08 2019] Launched synth_1...
Run output will be captured here: D:/Documents/fac/M1/_semestre2/projet conception/jalonFinal_joliMot - vivado/jalonFinal_joliMot - vivado.runs/synth_1/runme.log
[Tue Mar 26 13:48:08 2019] Launched impl_1...
Run output will be captured here: D:/Documents/fac/M1/_semestre2/projet conception/jalonFinal_joliMot - vivado/jalonFinal_joliMot - vivado.runs/impl_1/runme.log
ERROR: [Labtoolstcl 44-513] HW Target shutdown. Closing target: localhost:3121/xilinx_tcf/Digilent/210183A4D8A7A
INFO: [Labtoolstcl 44-466] Opening hw_target localhost:3121/xilinx_tcf/Digilent/210183A4D8A7A
INFO: [Labtools 27-1434] Device xc7a35t (JTAG device index = 0) is programmed with a design that has no supported debug core(s) in it.
WARNING: [Labtoolstcl 44-129] No matching hw_ila_data was found.
set_property PROBES.FILE {} [get_hw_devices xc7a35t_0]
set_property FULL_PROBES.FILE {} [get_hw_devices xc7a35t_0]
set_property PROGRAM.FILE {D:/Documents/fac/M1/_semestre2/projet conception/jalonFinal_joliMot - vivado/jalonFinal_joliMot - vivado.runs/impl_1/toplevel.bit} [get_hw_devices xc7a35t_0]
program_hw_devices [get_hw_devices xc7a35t_0]
INFO: [Labtools 27-3164] End of startup status: HIGH
refresh_hw_device [lindex [get_hw_devices xc7a35t_0] 0]
INFO: [Labtools 27-1434] Device xc7a35t (JTAG device index = 0) is programmed with a design that has no supported debug core(s) in it.
set_property PROBES.FILE {} [get_hw_devices xc7a35t_0]
set_property FULL_PROBES.FILE {} [get_hw_devices xc7a35t_0]
set_property PROGRAM.FILE {D:/Documents/fac/M1/_semestre2/projet conception/jalonFinal_joliMot - vivado/jalonFinal_joliMot - vivado.runs/impl_1/toplevel.bit} [get_hw_devices xc7a35t_0]
program_hw_devices [get_hw_devices xc7a35t_0]
INFO: [Labtools 27-3164] End of startup status: HIGH
refresh_hw_device [lindex [get_hw_devices xc7a35t_0] 0]
INFO: [Labtools 27-1434] Device xc7a35t (JTAG device index = 0) is programmed with a design that has no supported debug core(s) in it.
